<?xml version="1.0" encoding="utf-8"?><testsuites name="pytest tests"><testsuite name="pytest" errors="0" failures="0" skipped="0" tests="54" time="32.311" timestamp="2026-07-10T04:08:12.553738+00:00" hostname="agent-env-dd6fe1f9-adae-41c3-88b2-38400a66a638"><testcase classname="backend.tests.test_phase2.TestKnowledgeAndPerception" name="test_fresh_person_knowledge_near_zero" time="0.259" /><testcase classname="backend.tests.test_phase2.TestKnowledgeAndPerception" name="test_knowledge_grows_monotonically_over_ticks" time="1.021" /><testcase classname="backend.tests.test_phase2.TestKnowledgeAndPerception" name="test_causal_knowledge_summary_present" time="0.334" /><testcase classname="backend.tests.test_phase2.TestActionsAndPlans" name="test_action_and_plan_fields_present" time="0.054" /><testcase classname="backend.tests.test_phase2.TestActionsAndPlans" name="test_action_progresses_over_ticks" time="2.609" /><testcase classname="backend.tests.test_phase2.TestActionsAndPlans" name="test_no_crash_stepping_60_ticks" time="1.667" /><testcase classname="backend.tests.test_phase2.TestUtilityBreakdown" name="test_candidate_rows_contain_expected_goals_and_fields" time="0.850" /><testcase classname="backend.tests.test_phase2.TestUtilityBreakdown" name="test_selected_goal_matches_best_score_or_critical" time="0.366" /><testcase classname="backend.tests.test_phase2.TestResourceContentionAndRejections" name="test_rejections_endpoint_returns_real_reason_codes" time="1.397" /><testcase classname="backend.tests.test_phase2.TestReplayDeterminismPhase2" name="test_replay_verify_pass_after_phase2_actions" time="3.324" /><testcase classname="backend.tests.test_phase2.TestReplayDeterminismPhase2" name="test_determinism_pass_with_real_hash" time="0.868" /><testcase classname="backend.tests.test_phase2.TestReplayDeterminismPhase2" name="test_same_seed_two_runs_identical_hash_sequence" time="2.615" /><testcase classname="backend.tests.test_phase2.TestLongRunStability" name="test_step_100_ticks_no_deadlock" time="3.425" /><testcase classname="backend.tests.test_phase3.TestScenarioRegistry" name="test_both_scenarios_listed" time="0.122" /><testcase classname="backend.tests.test_phase3.TestScenarioRegistry" name="test_unknown_scenario_id_rejected" time="0.047" /><testcase classname="backend.tests.test_phase3.TestScenarioRegistry" name="test_desert_oasis_has_no_animal_domain_enabled" time="0.050" /><testcase classname="backend.tests.test_phase3.TestBothScenariosRunOnSameCore" name="test_create_and_step_no_crash[basic_survival]" time="0.810" /><testcase classname="backend.tests.test_phase3.TestBothScenariosRunOnSameCore" name="test_create_and_step_no_crash[desert_oasis]" time="0.511" /><testcase classname="backend.tests.test_phase3.TestBothScenariosRunOnSameCore" name="test_desert_oasis_spawns_no_animal_entities" time="0.115" /><testcase classname="backend.tests.test_phase3.TestBothScenariosRunOnSameCore" name="test_desert_oasis_ground_terrain_is_sand" time="0.114" /><testcase classname="backend.tests.test_phase3.TestBothScenariosRunOnSameCore" name="test_wilderness_survival_ground_terrain_is_grass" time="0.114" /><testcase classname="backend.tests.test_phase3.TestReplayAndDeterminismBothScenarios" name="test_replay_verify_pass[basic_survival]" time="1.463" /><testcase classname="backend.tests.test_phase3.TestReplayAndDeterminismBothScenarios" name="test_replay_verify_pass[desert_oasis]" time="1.091" /><testcase classname="backend.tests.test_phase3.TestReplayAndDeterminismBothScenarios" name="test_determinism_verify_pass[basic_survival]" time="1.072" /><testcase classname="backend.tests.test_phase3.TestReplayAndDeterminismBothScenarios" name="test_determinism_verify_pass[desert_oasis]" time="0.648" /><testcase classname="backend.tests.test_phase3.TestReplayAndDeterminismBothScenarios" name="test_same_seed_two_runs_identical_hash_sequence[basic_survival]" time="1.947" /><testcase classname="backend.tests.test_phase3.TestReplayAndDeterminismBothScenarios" name="test_same_seed_two_runs_identical_hash_sequence[desert_oasis]" time="1.252" /><testcase classname="backend.tests.test_phase3.TestCoreDomainAgnosticism" name="test_kernel_has_no_hardcoded_entity_type_literals" time="0.003" /><testcase classname="backend.tests.test_phase3.TestCoreDomainAgnosticism" name="test_kernel_has_no_hardcoded_scenario_id_literals" time="0.000" /><testcase classname="backend.tests.test_phase3.TestCoreDomainAgnosticism" name="test_kernel_does_not_import_concrete_domain_classes" time="0.000" /><testcase classname="backend.tests.test_phase3.TestCoreDomainAgnosticism" name="test_kernel_run_tick_accepts_generic_enabled_domains_param" time="0.000" /><testcase classname="backend.tests.test_phase3.TestCoreDomainAgnosticism" name="test_commit_pipeline_hashing_mutations_rng_untouched_by_scenarios" time="0.001" /><testcase classname="backend.tests.test_simulation_sandbox.TestScenarios" name="test_get_scenarios" time="0.111" /><testcase classname="backend.tests.test_simulation_sandbox.TestRunLifecycle" name="test_create_run" time="0.049" /><testcase classname="backend.tests.test_simulation_sandbox.TestRunLifecycle" name="test_get_run" time="0.044" /><testcase classname="backend.tests.test_simulation_sandbox.TestRunLifecycle" name="test_get_state_genesis" time="0.048" /><testcase classname="backend.tests.test_simulation_sandbox.TestRunLifecycle" name="test_get_state_not_found" time="0.045" /><testcase classname="backend.tests.test_simulation_sandbox.TestRunLifecycle" name="test_step_run" time="0.150" /><testcase classname="backend.tests.test_simulation_sandbox.TestRunLifecycle" name="test_step_run_not_found" time="0.055" /><testcase classname="backend.tests.test_simulation_sandbox.TestRunLifecycle" name="test_step_multi_tick_then_advance_to_30" time="1.175" /><testcase classname="backend.tests.test_simulation_sandbox.TestRunLifecycle" name="test_pause_run" time="0.049" /><testcase classname="backend.tests.test_simulation_sandbox.TestEventsAndRejections" name="test_get_events" time="0.092" /><testcase classname="backend.tests.test_simulation_sandbox.TestEventsAndRejections" name="test_get_rejections" time="0.047" /><testcase classname="backend.tests.test_simulation_sandbox.TestCausalInspection" name="test_get_causal_valid_entity" time="0.367" /><testcase classname="backend.tests.test_simulation_sandbox.TestCausalInspection" name="test_get_causal_entity_not_found" time="0.048" /><testcase classname="backend.tests.test_simulation_sandbox.TestCausalInspection" name="test_get_causal_run_not_found" time="0.047" /><testcase classname="backend.tests.test_simulation_sandbox.TestInterventions" name="test_boost_need_intervention" time="0.158" /><testcase classname="backend.tests.test_simulation_sandbox.TestInterventions" name="test_spawn_tree_intervention" time="0.152" /><testcase classname="backend.tests.test_simulation_sandbox.TestInterventions" name="test_kill_entity_intervention" time="0.148" /><testcase classname="backend.tests.test_simulation_sandbox.TestInterventions" name="test_invalid_intervention_type" time="0.047" /><testcase classname="backend.tests.test_simulation_sandbox.TestReplayAndDeterminism" name="test_verify_replay" time="0.978" /><testcase classname="backend.tests.test_simulation_sandbox.TestReplayAndDeterminism" name="test_verify_determinism" time="0.168" /><testcase classname="backend.tests.test_simulation_sandbox.TestReplayAndDeterminism" name="test_replay_run_not_found" time="0.048" /><testcase classname="backend.tests.test_simulation_sandbox.TestReplayAndDeterminism" name="test_determinism_run_not_found" time="0.052" /></testsuite></testsuites>