<?xml version="1.0" encoding="utf-8"?><testsuites name="pytest tests"><testsuite name="pytest" errors="0" failures="0" skipped="0" tests="13" time="50.133" timestamp="2026-07-10T03:46:19.930511+00:00" hostname="agent-env-dd6fe1f9-adae-41c3-88b2-38400a66a638"><testcase classname="backend.tests.test_phase2.TestKnowledgeAndPerception" name="test_fresh_person_knowledge_near_zero" time="36.266" /><testcase classname="backend.tests.test_phase2.TestKnowledgeAndPerception" name="test_knowledge_grows_monotonically_over_ticks" time="0.686" /><testcase classname="backend.tests.test_phase2.TestKnowledgeAndPerception" name="test_causal_knowledge_summary_present" time="0.235" /><testcase classname="backend.tests.test_phase2.TestActionsAndPlans" name="test_action_and_plan_fields_present" time="0.057" /><testcase classname="backend.tests.test_phase2.TestActionsAndPlans" name="test_action_progresses_over_ticks" time="2.085" /><testcase classname="backend.tests.test_phase2.TestActionsAndPlans" name="test_no_crash_stepping_60_ticks" time="1.077" /><testcase classname="backend.tests.test_phase2.TestUtilityBreakdown" name="test_candidate_rows_contain_expected_goals_and_fields" time="1.401" /><testcase classname="backend.tests.test_phase2.TestUtilityBreakdown" name="test_selected_goal_matches_best_score_or_critical" time="0.260" /><testcase classname="backend.tests.test_phase2.TestResourceContentionAndRejections" name="test_rejections_endpoint_returns_real_reason_codes" time="0.928" /><testcase classname="backend.tests.test_phase2.TestReplayDeterminismPhase2" name="test_replay_verify_pass_after_phase2_actions" time="1.966" /><testcase classname="backend.tests.test_phase2.TestReplayDeterminismPhase2" name="test_determinism_pass_with_real_hash" time="0.772" /><testcase classname="backend.tests.test_phase2.TestReplayDeterminismPhase2" name="test_same_seed_two_runs_identical_hash_sequence" time="1.985" /><testcase classname="backend.tests.test_phase2.TestLongRunStability" name="test_step_100_ticks_no_deadlock" time="2.340" /></testsuite></testsuites>