<?xml version="1.0" encoding="utf-8"?><testsuites name="pytest tests"><testsuite name="pytest" errors="0" failures="0" skipped="0" tests="22" time="3.284" timestamp="2026-07-10T03:47:14.154827+00:00" hostname="agent-env-dd6fe1f9-adae-41c3-88b2-38400a66a638"><testcase classname="backend.tests.test_simulation_sandbox.TestScenarios" name="test_get_scenarios" time="0.129" /><testcase classname="backend.tests.test_simulation_sandbox.TestRunLifecycle" name="test_create_run" time="0.054" /><testcase classname="backend.tests.test_simulation_sandbox.TestRunLifecycle" name="test_get_run" time="0.048" /><testcase classname="backend.tests.test_simulation_sandbox.TestRunLifecycle" name="test_get_state_genesis" time="0.047" /><testcase classname="backend.tests.test_simulation_sandbox.TestRunLifecycle" name="test_get_state_not_found" time="0.044" /><testcase classname="backend.tests.test_simulation_sandbox.TestRunLifecycle" name="test_step_run" time="0.115" /><testcase classname="backend.tests.test_simulation_sandbox.TestRunLifecycle" name="test_step_run_not_found" time="0.052" /><testcase classname="backend.tests.test_simulation_sandbox.TestRunLifecycle" name="test_step_multi_tick_then_advance_to_30" time="0.774" /><testcase classname="backend.tests.test_simulation_sandbox.TestRunLifecycle" name="test_pause_run" time="0.046" /><testcase classname="backend.tests.test_simulation_sandbox.TestEventsAndRejections" name="test_get_events" time="0.107" /><testcase classname="backend.tests.test_simulation_sandbox.TestEventsAndRejections" name="test_get_rejections" time="0.046" /><testcase classname="backend.tests.test_simulation_sandbox.TestCausalInspection" name="test_get_causal_valid_entity" time="0.267" /><testcase classname="backend.tests.test_simulation_sandbox.TestCausalInspection" name="test_get_causal_entity_not_found" time="0.051" /><testcase classname="backend.tests.test_simulation_sandbox.TestCausalInspection" name="test_get_causal_run_not_found" time="0.050" /><testcase classname="backend.tests.test_simulation_sandbox.TestInterventions" name="test_boost_need_intervention" time="0.158" /><testcase classname="backend.tests.test_simulation_sandbox.TestInterventions" name="test_spawn_tree_intervention" time="0.162" /><testcase classname="backend.tests.test_simulation_sandbox.TestInterventions" name="test_kill_entity_intervention" time="0.154" /><testcase classname="backend.tests.test_simulation_sandbox.TestInterventions" name="test_invalid_intervention_type" time="0.049" /><testcase classname="backend.tests.test_simulation_sandbox.TestReplayAndDeterminism" name="test_verify_replay" time="0.607" /><testcase classname="backend.tests.test_simulation_sandbox.TestReplayAndDeterminism" name="test_verify_determinism" time="0.170" /><testcase classname="backend.tests.test_simulation_sandbox.TestReplayAndDeterminism" name="test_replay_run_not_found" time="0.049" /><testcase classname="backend.tests.test_simulation_sandbox.TestReplayAndDeterminism" name="test_determinism_run_not_found" time="0.046" /></testsuite></testsuites>