<?xml version="1.0" encoding="utf-8"?><testsuites name="pytest tests"><testsuite name="pytest" errors="0" failures="0" skipped="1" tests="24" time="112.351" timestamp="2026-07-10T07:39:32.864153+00:00" hostname="agent-env-dd6fe1f9-adae-41c3-88b2-38400a66a638"><testcase classname="test_phase4.TestSaveLoadContinue" name="test_load_existing_run_preserves_state_hash" time="1.348" /><testcase classname="test_phase4.TestSaveLoadContinue" name="test_loaded_run_continues_deterministically" time="1.645" /><testcase classname="test_phase4.TestSaveLoadContinue" name="test_run_id_is_stable_run_list_includes_it" time="0.106" /><testcase classname="test_phase4.TestTimelineAndMilestones" name="test_timeline_rebuilds_identically" time="1.610" /><testcase classname="test_phase4.TestTimelineAndMilestones" name="test_milestones_rebuild_identically" time="2.883" /><testcase classname="test_phase4.TestTimelineAndMilestones" name="test_milestones_only_use_approved_set" time="3.420" /><testcase classname="test_phase4.TestTimelineAndMilestones" name="test_timeline_entity_filter" time="0.903" /><testcase classname="test_phase4.TestCausalLinksAndProvenance" name="test_causal_links_survive_save_load" time="2.413" /><testcase classname="test_phase4.TestCausalLinksAndProvenance" name="test_provenance_for_person_is_derivable_and_stable" time="2.449" /><testcase classname="test_phase4.TestCausalLinksAndProvenance" name="test_tile_history_is_bounded_projection" time="1.251" /><testcase classname="test_phase4.TestDeathDoctrine" name="test_dead_entities_cannot_act" time="1.532" /><testcase classname="test_phase4.TestDeathDoctrine" name="test_death_has_valid_causal_parents_and_appears_in_timeline" time="0.944" /><testcase classname="test_phase4.TestDeathDoctrine" name="test_death_replay_produces_same_state_hash" time="1.473" /><testcase classname="test_phase4.TestDeathDoctrine" name="test_same_seed_runs_produce_identical_death_timing_and_cause" time="79.632" /><testcase classname="test_phase4.TestDeathDoctrine" name="test_no_population_replacement" time="3.065" /><testcase classname="test_phase4.TestHuntingFoodChain" name="test_animal_death_from_starvation_goes_through_proposals" time="7.528"><skipped type="pytest.skip" message="animal did not starve within budget - not a Phase 4 regression, environment-dependent">/app/backend/tests/test_phase4.py:276: animal did not starve within budget - not a Phase 4 regression, environment-dependent</skipped></testcase><testcase classname="test_phase4.TestReplayDoctrineNotBypassedByHistory" name="test_history_service_never_writes_to_replay_authority_collections" time="0.084" /><testcase classname="test_phase4.TestReplayDoctrineNotBypassedByHistory" name="test_history_service_only_reads_accepted_events" time="0.001" /><testcase classname="test_phase4.TestReplayDoctrineNotBypassedByHistory" name="test_replay_verification_does_not_import_history_service" time="0.004" /><testcase classname="test_phase4.TestNoHiddenLifecycleState" name="test_lifecycle_domain_has_no_mutable_instance_state" time="0.000" /><testcase classname="test_phase4.TestNoHiddenLifecycleState" name="test_lifecycle_domain_activate_is_pure" time="0.001" /><testcase classname="test_phase4.TestNoHiddenLifecycleState" name="test_lifecycle_diagnostics_use_namespaced_key_not_overwriting_people_diagnostics" time="0.000" /><testcase classname="test_phase4.TestDeliberateResourceContention" name="test_two_simultaneous_gather_proposals_on_same_tree_one_rejected" time="0.001" /><testcase classname="test_phase4.TestDeliberateResourceContention" name="test_proposal_arrival_order_does_not_affect_outcome" time="0.002" /></testsuite></testsuites>